#
# There is insufficient memory for the Java Runtime Environment to continue.
# Native memory allocation (malloc) failed to allocate 1048576 bytes for AllocateHeap
# Possible reasons:
#   The system is out of physical RAM or swap space
#   In 32 bit mode, the process size limit was hit
# Possible solutions:
#   Reduce memory load on the system
#   Increase physical memory or swap space
#   Check if swap backing store is full
#   Use 64 bit Java on a 64 bit OS
#   Decrease Java heap size (-Xmx/-Xms)
#   Decrease number of Java threads
#   Decrease Java thread stack sizes (-Xss)
#   Set larger code cache with -XX:ReservedCodeCacheSize=
# This output file may be truncated or incomplete.
#
#  Out of Memory Error (memory/allocation.inline.hpp:61), pid=17276, tid=0x0000000000003cdc
#
# JRE version:  (8.0_144-b01) (build )
# Java VM: Java HotSpot(TM) 64-Bit Server VM (25.144-b01 mixed mode windows-amd64 compressed oops)
# Failed to write core dump. Minidumps are not enabled by default on client versions of Windows
#

---------------  T H R E A D  ---------------

Current thread (0x0000000004af3800):  JavaThread "Unknown thread" [_thread_in_vm, id=15580, stack(0x00000000049a0000,0x0000000004aa0000)]

Stack: [0x00000000049a0000,0x0000000004aa0000]
[error occurred during error reporting (printing stack bounds), id 0xc0000005]

Native frames: (J=compiled Java code, j=interpreted, Vv=VM code, C=native code)


---------------  P R O C E S S  ---------------

Java Threads: ( => current thread )

Other Threads:

=>0x0000000004af3800 (exited) JavaThread "Unknown thread" [_thread_in_vm, id=15580, stack(0x00000000049a0000,0x0000000004aa0000)]

VM state:not at safepoint (normal execution)

VM Mutex/Monitor currently owned by a thread: None

Heap:
 PSYoungGen      total 38400K, used 665K [0x00000000d5f00000, 0x00000000d8980000, 0x0000000100000000)
  eden space 33280K, 2% used [0x00000000d5f00000,0x00000000d5fa6670,0x00000000d7f80000)
  from space 5120K, 0% used [0x00000000d8480000,0x00000000d8480000,0x00000000d8980000)
  to   space 5120K, 0% used [0x00000000d7f80000,0x00000000d7f80000,0x00000000d8480000)
 ParOldGen       total 87552K, used 0K [0x0000000081c00000, 0x0000000087180000, 0x00000000d5f00000)
  object space 87552K, 0% used [0x0000000081c00000,0x0000000081c00000,0x0000000087180000)
 Metaspace       used 791K, capacity 1156K, committed 1408K, reserved 1060864K
  class space    used 75K, capacity 384K, committed 384K, reserved 1048576K

Card table byte_map: [0x0000000013fb0000,0x00000000143b0000] byte_map_base: 0x0000000013ba2000

Marking Bits: (ParMarkBitMap*) 0x0000000073e2d850
 Begin Bits: [0x0000000014a60000, 0x00000000169f0000)
 End Bits:   [0x00000000169f0000, 0x0000000018980000)

Polling page: 0x00000000005f0000

CodeCache: size=245760Kb used=328Kb max_used=328Kb free=245431Kb
 bounds [0x0000000004bf0000, 0x0000000004e60000, 0x0000000013bf0000]
 total_blobs=58 nmethods=0 adapters=38
 compilation: enabled

Compilation events (0 events):
No events

GC Heap History (0 events):
No events

Deoptimization events (0 events):
No events

Internal exceptions (0 events):
No events

Events (10 events):
Event: 0.048 loading class java/lang/Short
Event: 0.048 loading class java/lang/Short done
Event: 0.048 loading class java/lang/Integer
Event: 0.049 loading class java/lang/Integer done
Event: 0.049 loading class java/lang/Long
Event: 0.049 loading class java/lang/Long done
Event: 0.050 loading class java/lang/NullPointerException
Event: 0.050 loading class java/lang/NullPointerException done
Event: 0.050 loading class java/lang/ArithmeticException
Event: 0.050 loading class java/lang/ArithmeticException done


Dynamic libraries:
0x00007ff66d380000 - 0x00007ff66d3b7000 	C:\Program Files\Java\jdk1.8.0_144\bin\java.exe
0x00007ffb638c0000 - 0x00007ffb63aa0000 	C:\WINDOWS\SYSTEM32\ntdll.dll
0x00007ffb62660000 - 0x00007ffb6270e000 	C:\WINDOWS\System32\KERNEL32.DLL
0x00007ffb600e0000 - 0x00007ffb60346000 	C:\WINDOWS\System32\KERNELBASE.dll
0x00007ffb62d20000 - 0x00007ffb62dc1000 	C:\WINDOWS\System32\ADVAPI32.dll
0x00007ffb61110000 - 0x00007ffb611ad000 	C:\WINDOWS\System32\msvcrt.dll
0x00007ffb60f80000 - 0x00007ffb60fdb000 	C:\WINDOWS\System32\sechost.dll
0x00007ffb60d90000 - 0x00007ffb60eaf000 	C:\WINDOWS\System32\RPCRT4.dll
0x00007ffb62eb0000 - 0x00007ffb6303f000 	C:\WINDOWS\System32\USER32.dll
0x00007ffb60350000 - 0x00007ffb60370000 	C:\WINDOWS\System32\win32u.dll
0x00007ffb63860000 - 0x00007ffb63888000 	C:\WINDOWS\System32\GDI32.dll
0x00007ffb60bf0000 - 0x00007ffb60d83000 	C:\WINDOWS\System32\gdi32full.dll
0x00007ffb5fd20000 - 0x00007ffb5fdbb000 	C:\WINDOWS\System32\msvcp_win.dll
0x00007ffb5ffe0000 - 0x00007ffb600d6000 	C:\WINDOWS\System32\ucrtbase.dll
0x00007ffb59cd0000 - 0x00007ffb59f39000 	C:\WINDOWS\WinSxS\amd64_microsoft.windows.common-controls_6595b64144ccf1df_6.0.16299.431_none_15c7d3ee93659e73\COMCTL32.dll
0x00007ffb62a10000 - 0x00007ffb62d18000 	C:\WINDOWS\System32\combase.dll
0x00007ffb60ac0000 - 0x00007ffb60b32000 	C:\WINDOWS\System32\bcryptPrimitives.dll
0x00007ffb63780000 - 0x00007ffb637ad000 	C:\WINDOWS\System32\IMM32.DLL
0x00007ffb5fad0000 - 0x00007ffb5fb01000 	C:\Windows\system32\nvinitx.dll
0x00007ffb5fac0000 - 0x00007ffb5faca000 	C:\WINDOWS\SYSTEM32\VERSION.dll
0x00000000501a0000 - 0x00000000501a6000 	C:\Program Files\NVIDIA Corporation\CoProcManager\_etoured.dll
0x00007ffb5bd80000 - 0x00007ffb5bdb3000 	C:\Program Files\NVIDIA Corporation\CoProcManager\nvd3d9wrapx.dll
0x00007ffb63040000 - 0x00007ffb6348e000 	C:\WINDOWS\System32\SETUPAPI.dll
0x00007ffb5fdc0000 - 0x00007ffb5fe0a000 	C:\WINDOWS\System32\cfgmgr32.dll
0x00007ffb5bcc0000 - 0x00007ffb5bce2000 	C:\Program Files\NVIDIA Corporation\CoProcManager\nvdxgiwrapx.dll
0x0000000075a40000 - 0x0000000075b12000 	C:\Program Files\Java\jdk1.8.0_144\jre\bin\msvcr100.dll
0x0000000073610000 - 0x0000000073ead000 	C:\Program Files\Java\jdk1.8.0_144\jre\bin\server\jvm.dll
0x00007ffb62650000 - 0x00007ffb62658000 	C:\WINDOWS\System32\PSAPI.DLL
0x00007ffb5dfe0000 - 0x00007ffb5e003000 	C:\WINDOWS\SYSTEM32\WINMM.dll
0x00007ffb54d10000 - 0x00007ffb54d19000 	C:\WINDOWS\SYSTEM32\WSOCK32.dll
0x00007ffb62e40000 - 0x00007ffb62eac000 	C:\WINDOWS\System32\WS2_32.dll
0x00007ffb5df90000 - 0x00007ffb5dfba000 	C:\WINDOWS\SYSTEM32\winmmbase.dll
0x0000000075a30000 - 0x0000000075a3f000 	C:\Program Files\Java\jdk1.8.0_144\jre\bin\verify.dll
0x0000000075010000 - 0x0000000075039000 	C:\Program Files\Java\jdk1.8.0_144\jre\bin\java.dll
0x00000000748b0000 - 0x00000000748e5000 	C:\Program Files\Java\jdk1.8.0_144\jre\bin\jdwp.dll
0x0000000074870000 - 0x0000000074878000 	C:\Program Files\Java\jdk1.8.0_144\jre\bin\npt.dll
0x0000000075a10000 - 0x0000000075a26000 	C:\Program Files\Java\jdk1.8.0_144\jre\bin\zip.dll

VM Arguments:
jvm_args: -agentlib:jdwp=transport=dt_socket,address=127.0.0.1:62490,suspend=y,server=n -Dfile.encoding=UTF-8 
java_command: OCRDemo
java_class_path (initial): C:\Program Files\Java\jdk1.8.0_144\jre\lib\charsets.jar;C:\Program Files\Java\jdk1.8.0_144\jre\lib\deploy.jar;C:\Program Files\Java\jdk1.8.0_144\jre\lib\ext\access-bridge-64.jar;C:\Program Files\Java\jdk1.8.0_144\jre\lib\ext\cldrdata.jar;C:\Program Files\Java\jdk1.8.0_144\jre\lib\ext\dnsns.jar;C:\Program Files\Java\jdk1.8.0_144\jre\lib\ext\jaccess.jar;C:\Program Files\Java\jdk1.8.0_144\jre\lib\ext\jfxrt.jar;C:\Program Files\Java\jdk1.8.0_144\jre\lib\ext\localedata.jar;C:\Program Files\Java\jdk1.8.0_144\jre\lib\ext\nashorn.jar;C:\Program Files\Java\jdk1.8.0_144\jre\lib\ext\sunec.jar;C:\Program Files\Java\jdk1.8.0_144\jre\lib\ext\sunjce_provider.jar;C:\Program Files\Java\jdk1.8.0_144\jre\lib\ext\sunmscapi.jar;C:\Program Files\Java\jdk1.8.0_144\jre\lib\ext\sunpkcs11.jar;C:\Program Files\Java\jdk1.8.0_144\jre\lib\ext\zipfs.jar;C:\Program Files\Java\jdk1.8.0_144\jre\lib\javaws.jar;C:\Program Files\Java\jdk1.8.0_144\jre\lib\jce.jar;C:\Program Files\Java\jdk1.8.0_144\jre\lib\jfr.jar;C:\Program Files\Java\jdk1.8.0_144\jre\lib\jfxswt.jar;C:\Program Files\Java\jdk1.8.0_144\jre\lib\jsse.jar;C:\Program Files\Java\jdk1.8.0_144\jre\lib\management-agent.jar;C:\Program Files\Java\jdk1.8.0_144\jre\lib\plugin.jar;C:\Program Files\Java\jdk1.8.0_144\jre\lib\resources.jar;C:\Program Files\Java\jdk1.8.0_144\jre\lib\rt.jar;C:\forder\ocrCode\out\production\ocrCode;C:\Users\zhulier\Desktop\Tess4J\dist\tess4j-3.4.8.jar;C:\Users\zhulier\Desktop\Tess4J\lib\jna-4.1.0.jar;C:\Users\zhulier\Desktop\Tess4J\lib\junit-4.12.jar;C:\Users\zhulier\Desktop\Tess4J\lib\itext-2.1.7.jar;C:\Users\zhulier\Desktop\Tess4J\lib\lept4j-1.6.4.jar;C:\Users\zhulier\Desktop\Tess4J\lib\log4j-1.2.17.jar;C:\Users\zhulier\Desktop\Tess4J\lib\pdfbox-2.0.9.jar;C:\Users\zhulier\Desktop\Tess4J\lib\fontbox-2.0.9.jar;C:\Users\zhulier\Desktop\Tess4J\lib\ghost4j-1.0.1.jar;C:\Users\zhulier\Desktop\Tess4J\lib\commons-io-2.6.jar;C:\Users\zhulier\Desktop\Tess4J\lib\slf4j-api-1.7.25.jar;C:\Users\zhulier\Deskt
Launcher Type: SUN_STANDARD

Environment Variables:
JAVA_HOME=C:\Program Files\Java\jdk1.8.0_144
CLASSPATH=.;C:\Program Files\Java\jdk1.8.0_144\lib\dt.jar;C:\Program Files\Java\jdk1.8.0_144\lib\tools.jar;
PATH=C:\ProgramData\Oracle\Java\javapath;C:\Program Files\Broadcom\Broadcom 802.11 Network Adapter;C:\WINDOWS\system32;C:\WINDOWS;C:\WINDOWS\System32\Wbem;C:\WINDOWS\System32\WindowsPowerShell\v1.0\;"C:\Program Files\Java\jdk1.8.0_144\bin;C:\Program Files\Java\jdk1.8.0_144\jre\bin";C:\Program Files\MySQL\MySQL Utilities 1.6\;C:\apache-maven-3.1.1\bin;C:\Program Files\Microsoft SQL Server\110\DTS\Binn\;C:\Program Files (x86)\Microsoft SQL Server\110\Tools\Binn\;C:\Program Files\Microsoft SQL Server\110\Tools\Binn\;C:\Program Files (x86)\Microsoft SQL Server\110\Tools\Binn\ManagementStudio\;C:\Program Files (x86)\Microsoft Visual Studio 10.0\Common7\IDE\PrivateAssemblies\;C:\Program Files (x86)\Microsoft SQL Server\110\DTS\Binn\;C:\Program Files\Git\cmd;C:\apache-maven-3.5.3\bin;C:\Users\zhulier\AppData\Local\Microsoft\WindowsApps;C:\Users\zhulier\AppData\Local\GitHubDesktop\bin
USERNAME=zhulier
OS=Windows_NT
PROCESSOR_IDENTIFIER=Intel64 Family 6 Model 58 Stepping 9, GenuineIntel



---------------  S Y S T E M  ---------------

OS: Windows 10.0 , 64 bit Build 16299 (10.0.16299.431)

CPU:total 4 (initial active 4) (2 cores per cpu, 2 threads per core) family 6 model 58 stepping 9, cmov, cx8, fxsr, mmx, sse, sse2, sse3, ssse3, sse4.1, sse4.2, popcnt, avx, aes, clmul, erms, ht, tsc, tscinvbit, tscinv

Memory: 4k page, physical 8271504k(2338524k free), swap 10217104k(4628k free)

vm_info: Java HotSpot(TM) 64-Bit Server VM (25.144-b01) for windows-amd64 JRE (1.8.0_144-b01), built on Jul 21 2017 21:57:33 by "java_re" with MS VC++ 10.0 (VS2010)

time: Fri Jun 01 17:02:54 2018
elapsed time: 0 seconds (0d 0h 0m 0s)

